<?xml version="1.0" encoding="UTF-8"?>
<!-- Generated by org.testng.reporters.JUnitXMLReporter -->
<testsuite ignored="1" hostname="DESKTOP-SJEQSC9" failures="0" tests="6" name="ChromeTest1" time="17.436" errors="0" timestamp="2024-03-17T22:09:01 IST">
  <testcase classname="com.slinkr.testscript.slinkrLogin" name="loginCosmeticVerification" time="2.139"/>
  <testcase classname="com.slinkr.testscript.slinkrLogin" name="loginErrorMsg" time="2.007"/>
  <testcase classname="com.slinkr.testscript.slinkrLogin" name="oneendtoendLoginPage" time="3.08"/>
  <testcase classname="com.slinkr.testscript.slinkrLogin" name="sendinginvalidUn" time="1.197"/>
  <testcase classname="com.slinkr.testscript.slinkrLogin" name="sendinginvalidUn1" time="1.249"/>
  <testcase classname="com.slinkr.testscript.slinkrLogin" name="unpwdheightandwidth" time="0.058"/>
  <testcase classname="com.slinkr.testscript.slinkrLogin" name="enumOperations" time="0.0">
    <ignored/>
  </testcase> <!-- enumOperations -->
</testsuite> <!-- ChromeTest1 -->
