<?xml version="1.0" encoding="UTF-8"?>
<!-- Generated by org.testng.reporters.JUnitXMLReporter -->
<testsuite ignored="1" hostname="DESKTOP-SJEQSC9" failures="0" tests="6" name="ChromeTest2" time="14.926" errors="0" timestamp="2024-03-17T22:09:16 IST">
  <testcase classname="com.slinkr.testscript.slinkrLogin" name="loginCosmeticVerification" time="2.068"/>
  <testcase classname="com.slinkr.testscript.slinkrLogin" name="loginErrorMsg" time="0.159"/>
  <testcase classname="com.slinkr.testscript.slinkrLogin" name="oneendtoendLoginPage" time="0.22"/>
  <testcase classname="com.slinkr.testscript.slinkrLogin" name="sendinginvalidUn" time="0.178"/>
  <testcase classname="com.slinkr.testscript.slinkrLogin" name="sendinginvalidUn1" time="0.16"/>
  <testcase classname="com.slinkr.testscript.slinkrLogin" name="unpwdheightandwidth" time="0.025"/>
  <testcase classname="com.slinkr.testscript.slinkrLogin" name="enumOperations" time="0.0">
    <ignored/>
  </testcase> <!-- enumOperations -->
</testsuite> <!-- ChromeTest2 -->
