<?xml version="1.0" encoding="UTF-8"?>
<!-- Generated by org.testng.reporters.JUnitXMLReporter -->
<testsuite ignored="15" hostname="DESKTOP-SJEQSC9" failures="0" tests="3" name="Test" time="17.676" errors="0" timestamp="2024-03-17T22:07:50 IST">
  <testcase classname="com.slinkr.testscript.slinkrLogin" name="oneendtoendLoginPage" time="2.868"/>
  <testcase classname="com.slinkr.testscript.scrapePerson" name="OneEndToEndSlinkrPerson" time="2.806"/>
  <testcase classname="com.slinkr.testscript.scrapeCompany" name="OneEndToEndSlinkrCompany" time="4.479"/>
  <testcase classname="com.slinkr.testscript.slinkrLogin" name="sendinginvalidUn" time="0.0">
    <ignored/>
  </testcase> <!-- sendinginvalidUn -->
  <testcase classname="com.slinkr.testscript.slinkrLogin" name="loginErrorMsg" time="0.0">
    <ignored/>
  </testcase> <!-- loginErrorMsg -->
  <testcase classname="com.slinkr.testscript.slinkrLogin" name="loginCosmeticVerification" time="0.0">
    <ignored/>
  </testcase> <!-- loginCosmeticVerification -->
  <testcase classname="com.slinkr.testscript.slinkrLogin" name="enumOperations" time="0.0">
    <ignored/>
  </testcase> <!-- enumOperations -->
  <testcase classname="com.slinkr.testscript.scrapePerson" name="titleVerification" time="0.0">
    <ignored/>
  </testcase> <!-- titleVerification -->
  <testcase classname="com.slinkr.genericutility.BaseClass" name="@BeforeTest executeBeforeClass" time="0.0">
    <ignored/>
  </testcase> <!-- @BeforeTest executeBeforeClass -->
  <testcase classname="com.slinkr.genericutility.BaseClass" name="@BeforeTest executeBeforeClass" time="0.0">
    <ignored/>
  </testcase> <!-- @BeforeTest executeBeforeClass -->
  <testcase classname="com.slinkr.testscript.scrapePerson" name="logoutScreenshot" time="0.0">
    <ignored/>
  </testcase> <!-- logoutScreenshot -->
  <testcase classname="com.slinkr.testscript.scrapePerson" name="sendPersonUrl" time="0.0">
    <ignored/>
  </testcase> <!-- sendPersonUrl -->
  <testcase classname="com.slinkr.genericutility.BaseClass" name="@AfterTest executeAfterClass" time="0.0">
    <ignored/>
  </testcase> <!-- @AfterTest executeAfterClass -->
  <testcase classname="com.slinkr.genericutility.BaseClass" name="@AfterTest executeAfterClass" time="0.0">
    <ignored/>
  </testcase> <!-- @AfterTest executeAfterClass -->
  <testcase classname="com.slinkr.testscript.scrapePerson" name="personTableDetails" time="0.0">
    <ignored/>
  </testcase> <!-- personTableDetails -->
  <testcase classname="com.slinkr.testscript.scrapePerson" name="welcomText" time="0.0">
    <ignored/>
  </testcase> <!-- welcomText -->
  <testcase classname="com.slinkr.testscript.slinkrLogin" name="sendinginvalidUn1" time="0.0">
    <ignored/>
  </testcase> <!-- sendinginvalidUn1 -->
  <testcase classname="com.slinkr.testscript.slinkrLogin" name="unpwdheightandwidth" time="0.0">
    <ignored/>
  </testcase> <!-- unpwdheightandwidth -->
</testsuite> <!-- Test -->
