<?xml version="1.0" encoding="UTF-8"?>
<!-- Generated by org.testng.reporters.JUnitXMLReporter -->
<testsuite ignored="1" hostname="DESKTOP-SJEQSC9" failures="0" tests="6" name="Default test" time="17.71" errors="0" timestamp="2024-03-17T22:07:04 IST">
  <testcase classname="com.slinkr.testscript.slinkrLogin" name="loginCosmeticVerification" time="2.113"/>
  <testcase classname="com.slinkr.testscript.slinkrLogin" name="loginErrorMsg" time="1.991"/>
  <testcase classname="com.slinkr.testscript.slinkrLogin" name="oneendtoendLoginPage" time="2.849"/>
  <testcase classname="com.slinkr.testscript.slinkrLogin" name="sendinginvalidUn" time="1.115"/>
  <testcase classname="com.slinkr.testscript.slinkrLogin" name="sendinginvalidUn1" time="1.14"/>
  <testcase classname="com.slinkr.testscript.slinkrLogin" name="unpwdheightandwidth" time="0.063"/>
  <testcase classname="com.slinkr.testscript.slinkrLogin" name="enumOperations" time="0.0">
    <ignored/>
  </testcase> <!-- enumOperations -->
</testsuite> <!-- Default test -->
